This is pdfTeX, Version 3.141592653-2.6-1.40.22 (TeX Live 2022/dev/Debian) (preloaded format=pdflatex 2024.1.16)  25 JAN 2024 13:53
entering extended mode
 restricted \write18 enabled.
 file:line:error style messages enabled.
 %&-line parsing enabled.
**/home/diagpc/Miron/Geant4/document_geant4/main.tex
(/home/diagpc/Miron/Geant4/document_geant4/main.tex
LaTeX2e <2021-11-15> patch level 1
L3 programming layer <2022-01-21> (/usr/share/texlive/texmf-dist/tex/latex/base/article.cls
Document Class: article 2021/10/04 v1.4n Standard LaTeX document class
(/usr/share/texlive/texmf-dist/tex/latex/base/size10.clo
File: size10.clo 2021/10/04 v1.4n Standard LaTeX file (size option)
)
\c@part=\count185
\c@section=\count186
\c@subsection=\count187
\c@subsubsection=\count188
\c@paragraph=\count189
\c@subparagraph=\count190
\c@figure=\count191
\c@table=\count192
\abovecaptionskip=\skip47
\belowcaptionskip=\skip48
\bibindent=\dimen138
) (/usr/share/texlive/texmf-dist/tex/latex/base/inputenc.sty
Package: inputenc 2021/02/14 v1.3d Input encoding file
\inpenc@prehook=\toks16
\inpenc@posthook=\toks17
) (/usr/share/texlive/texmf-dist/tex/latex/geometry/geometry.sty
Package: geometry 2020/01/02 v5.9 Page Geometry
 (/usr/share/texlive/texmf-dist/tex/latex/graphics/keyval.sty
Package: keyval 2014/10/28 v1.15 key=value parser (DPC)
\KV@toks@=\toks18
) (/usr/share/texlive/texmf-dist/tex/generic/iftex/ifvtex.sty
Package: ifvtex 2019/10/25 v1.7 ifvtex legacy package. Use iftex instead.
 (/usr/share/texlive/texmf-dist/tex/generic/iftex/iftex.sty
Package: iftex 2020/03/06 v1.0d TeX engine tests
))
\Gm@cnth=\count193
\Gm@cntv=\count194
\c@Gm@tempcnt=\count195
\Gm@bindingoffset=\dimen139
\Gm@wd@mp=\dimen140
\Gm@odd@mp=\dimen141
\Gm@even@mp=\dimen142
\Gm@layoutwidth=\dimen143
\Gm@layoutheight=\dimen144
\Gm@layouthoffset=\dimen145
\Gm@layoutvoffset=\dimen146
\Gm@dimlist=\toks19
) (/usr/share/texlive/texmf-dist/tex/latex/graphics/graphicx.sty
Package: graphicx 2021/09/16 v1.2d Enhanced LaTeX Graphics (DPC,SPQR)
 (/usr/share/texlive/texmf-dist/tex/latex/graphics/graphics.sty
Package: graphics 2021/03/04 v1.4d Standard LaTeX Graphics (DPC,SPQR)
 (/usr/share/texlive/texmf-dist/tex/latex/graphics/trig.sty
Package: trig 2021/08/11 v1.11 sin cos tan (DPC)
) (/usr/share/texlive/texmf-dist/tex/latex/graphics-cfg/graphics.cfg
File: graphics.cfg 2016/06/04 v1.11 sample graphics configuration
)
Package graphics Info: Driver file: pdftex.def on input line 107.
 (/usr/share/texlive/texmf-dist/tex/latex/graphics-def/pdftex.def
File: pdftex.def 2020/10/05 v1.2a Graphics/color driver for pdftex
))
\Gin@req@height=\dimen147
\Gin@req@width=\dimen148
) (/usr/share/texlive/texmf-dist/tex/latex/amsmath/amsmath.sty
Package: amsmath 2021/10/15 v2.17l AMS math features
\@mathmargin=\skip49

For additional information on amsmath, use the `?' option.
(/usr/share/texlive/texmf-dist/tex/latex/amsmath/amstext.sty
Package: amstext 2021/08/26 v2.01 AMS text
 (/usr/share/texlive/texmf-dist/tex/latex/amsmath/amsgen.sty
File: amsgen.sty 1999/11/30 v2.0 generic functions
\@emptytoks=\toks20
\ex@=\dimen149
)) (/usr/share/texlive/texmf-dist/tex/latex/amsmath/amsbsy.sty
Package: amsbsy 1999/11/29 v1.2d Bold Symbols
\pmbraise@=\dimen150
) (/usr/share/texlive/texmf-dist/tex/latex/amsmath/amsopn.sty
Package: amsopn 2021/08/26 v2.02 operator names
)
\inf@bad=\count196
LaTeX Info: Redefining \frac on input line 234.
\uproot@=\count197
\leftroot@=\count198
LaTeX Info: Redefining \overline on input line 399.
\classnum@=\count199
\DOTSCASE@=\count266
LaTeX Info: Redefining \ldots on input line 496.
LaTeX Info: Redefining \dots on input line 499.
LaTeX Info: Redefining \cdots on input line 620.
\Mathstrutbox@=\box50
\strutbox@=\box51
\big@size=\dimen151
LaTeX Font Info:    Redeclaring font encoding OML on input line 743.
LaTeX Font Info:    Redeclaring font encoding OMS on input line 744.
\macc@depth=\count267
\c@MaxMatrixCols=\count268
\dotsspace@=\muskip16
\c@parentequation=\count269
\dspbrk@lvl=\count270
\tag@help=\toks21
\row@=\count271
\column@=\count272
\maxfields@=\count273
\andhelp@=\toks22
\eqnshift@=\dimen152
\alignsep@=\dimen153
\tagshift@=\dimen154
\tagwidth@=\dimen155
\totwidth@=\dimen156
\lineht@=\dimen157
\@envbody=\toks23
\multlinegap=\skip50
\multlinetaggap=\skip51
\mathdisplay@stack=\toks24
LaTeX Info: Redefining \[ on input line 2938.
LaTeX Info: Redefining \] on input line 2939.
) (/usr/share/texlive/texmf-dist/tex/latex/hyperref/hyperref.sty
Package: hyperref 2021-06-07 v7.00m Hypertext links for LaTeX
 (/usr/share/texlive/texmf-dist/tex/generic/ltxcmds/ltxcmds.sty
Package: ltxcmds 2020-05-10 v1.25 LaTeX kernel commands for general use (HO)
) (/usr/share/texlive/texmf-dist/tex/generic/pdftexcmds/pdftexcmds.sty
Package: pdftexcmds 2020-06-27 v0.33 Utility functions of pdfTeX for LuaTeX (HO)
 (/usr/share/texlive/texmf-dist/tex/generic/infwarerr/infwarerr.sty
Package: infwarerr 2019/12/03 v1.5 Providing info/warning/error messages (HO)
)
Package pdftexcmds Info: \pdf@primitive is available.
Package pdftexcmds Info: \pdf@ifprimitive is available.
Package pdftexcmds Info: \pdfdraftmode found.
) (/usr/share/texlive/texmf-dist/tex/generic/kvsetkeys/kvsetkeys.sty
Package: kvsetkeys 2019/12/15 v1.18 Key value parser (HO)
) (/usr/share/texlive/texmf-dist/tex/generic/kvdefinekeys/kvdefinekeys.sty
Package: kvdefinekeys 2019-12-19 v1.6 Define keys (HO)
) (/usr/share/texlive/texmf-dist/tex/generic/pdfescape/pdfescape.sty
Package: pdfescape 2019/12/09 v1.15 Implements pdfTeX's escape features (HO)
) (/usr/share/texlive/texmf-dist/tex/latex/hycolor/hycolor.sty
Package: hycolor 2020-01-27 v1.10 Color options for hyperref/bookmark (HO)
) (/usr/share/texlive/texmf-dist/tex/latex/letltxmacro/letltxmacro.sty
Package: letltxmacro 2019/12/03 v1.6 Let assignment for LaTeX macros (HO)
) (/usr/share/texlive/texmf-dist/tex/latex/auxhook/auxhook.sty
Package: auxhook 2019-12-17 v1.6 Hooks for auxiliary files (HO)
) (/usr/share/texlive/texmf-dist/tex/latex/kvoptions/kvoptions.sty
Package: kvoptions 2020-10-07 v3.14 Key value format for package options (HO)
)
\@linkdim=\dimen158
\Hy@linkcounter=\count274
\Hy@pagecounter=\count275
 (/usr/share/texlive/texmf-dist/tex/latex/hyperref/pd1enc.def
File: pd1enc.def 2021-06-07 v7.00m Hyperref: PDFDocEncoding definition (HO)
Now handling font encoding PD1 ...
... no UTF-8 mapping file for font encoding PD1
) (/usr/share/texlive/texmf-dist/tex/latex/hyperref/hyperref-langpatches.def
File: hyperref-langpatches.def 2021-06-07 v7.00m Hyperref: patches for babel languages
) (/usr/share/texlive/texmf-dist/tex/generic/intcalc/intcalc.sty
Package: intcalc 2019/12/15 v1.3 Expandable calculations with integers (HO)
) (/usr/share/texlive/texmf-dist/tex/generic/etexcmds/etexcmds.sty
Package: etexcmds 2019/12/15 v1.7 Avoid name clashes with e-TeX commands (HO)
)
\Hy@SavedSpaceFactor=\count276
 (/usr/share/texlive/texmf-dist/tex/latex/hyperref/puenc.def
File: puenc.def 2021-06-07 v7.00m Hyperref: PDF Unicode definition (HO)
Now handling font encoding PU ...
... no UTF-8 mapping file for font encoding PU
)
Package hyperref Info: Hyper figures OFF on input line 4192.
Package hyperref Info: Link nesting OFF on input line 4197.
Package hyperref Info: Hyper index ON on input line 4200.
Package hyperref Info: Plain pages OFF on input line 4207.
Package hyperref Info: Backreferencing OFF on input line 4212.
Package hyperref Info: Implicit mode ON; LaTeX internals redefined.
Package hyperref Info: Bookmarks ON on input line 4445.
\c@Hy@tempcnt=\count277
 (/usr/share/texlive/texmf-dist/tex/latex/url/url.sty
\Urlmuskip=\muskip17
Package: url 2013/09/16  ver 3.4  Verb mode for urls, etc.
)
LaTeX Info: Redefining \url on input line 4804.
\XeTeXLinkMargin=\dimen159
 (/usr/share/texlive/texmf-dist/tex/generic/bitset/bitset.sty
Package: bitset 2019/12/09 v1.3 Handle bit-vector datatype (HO)
 (/usr/share/texlive/texmf-dist/tex/generic/bigintcalc/bigintcalc.sty
Package: bigintcalc 2019/12/15 v1.5 Expandable calculations on big integers (HO)
))
\Fld@menulength=\count278
\Field@Width=\dimen160
\Fld@charsize=\dimen161
Package hyperref Info: Hyper figures OFF on input line 6076.
Package hyperref Info: Link nesting OFF on input line 6081.
Package hyperref Info: Hyper index ON on input line 6084.
Package hyperref Info: backreferencing OFF on input line 6091.
Package hyperref Info: Link coloring OFF on input line 6096.
Package hyperref Info: Link coloring with OCG OFF on input line 6101.
Package hyperref Info: PDF/A mode OFF on input line 6106.
LaTeX Info: Redefining \ref on input line 6146.
LaTeX Info: Redefining \pageref on input line 6150.
 (/usr/share/texlive/texmf-dist/tex/latex/base/atbegshi-ltx.sty
Package: atbegshi-ltx 2021/01/10 v1.0c Emulation of the original atbegshi
package with kernel methods
)
\Hy@abspage=\count279
\c@Item=\count280
\c@Hfootnote=\count281
)
Package hyperref Info: Driver (autodetected): hpdftex.
 (/usr/share/texlive/texmf-dist/tex/latex/hyperref/hpdftex.def
File: hpdftex.def 2021-06-07 v7.00m Hyperref driver for pdfTeX
 (/usr/share/texlive/texmf-dist/tex/latex/base/atveryend-ltx.sty
Package: atveryend-ltx 2020/08/19 v1.0a Emulation of the original atveryend package
with kernel methods
)
\Fld@listcount=\count282
\c@bookmark@seq@number=\count283
 (/usr/share/texlive/texmf-dist/tex/latex/rerunfilecheck/rerunfilecheck.sty
Package: rerunfilecheck 2019/12/05 v1.9 Rerun checks for auxiliary files (HO)
 (/usr/share/texlive/texmf-dist/tex/generic/uniquecounter/uniquecounter.sty
Package: uniquecounter 2019/12/15 v1.4 Provide unlimited unique counter (HO)
)
Package uniquecounter Info: New unique counter `rerunfilecheck' on input line 286.
)
\Hy@SectionHShift=\skip52
) (/usr/share/texlive/texmf-dist/tex/latex/float/float.sty
Package: float 2001/11/08 v1.3d Float enhancements (AL)
\c@float@type=\count284
\float@exts=\toks25
\float@box=\box52
\@float@everytoks=\toks26
\@floatcapt=\box53
) (/usr/share/texlive/texmf-dist/tex/latex/wrapfig/wrapfig.sty
\wrapoverhang=\dimen162
\WF@size=\dimen163
\c@WF@wrappedlines=\count285
\WF@box=\box54
\WF@everypar=\toks27
Package: wrapfig 2003/01/31  v 3.6
) (/usr/share/texlive/texmf-dist/tex/latex/caption/subcaption.sty
Package: subcaption 2020/10/07 v1.3j Sub-captions (AR)
 (/usr/share/texlive/texmf-dist/tex/latex/caption/caption.sty
Package: caption 2020/10/26 v3.5g Customizing captions (AR)
 (/usr/share/texlive/texmf-dist/tex/latex/caption/caption3.sty
Package: caption3 2020/10/21 v2.2e caption3 kernel (AR)
\captionmargin=\dimen164
\captionmargin@=\dimen165
\captionwidth=\dimen166
\caption@tempdima=\dimen167
\caption@indent=\dimen168
\caption@parindent=\dimen169
\caption@hangindent=\dimen170
Package caption Info: Standard document class detected.
)
\c@caption@flags=\count286
\c@continuedfloat=\count287
Package caption Info: float package is loaded.
Package caption Info: hyperref package is loaded.
Package caption Info: wrapfig package is loaded.
)
\c@subfigure=\count288
\c@subtable=\count289
) (/usr/share/texlive/texmf-dist/tex/latex/listings/listings.sty
\lst@mode=\count290
\lst@gtempboxa=\box55
\lst@token=\toks28
\lst@length=\count291
\lst@currlwidth=\dimen171
\lst@column=\count292
\lst@pos=\count293
\lst@lostspace=\dimen172
\lst@width=\dimen173
\lst@newlines=\count294
\lst@lineno=\count295
\lst@maxwidth=\dimen174
 (/usr/share/texlive/texmf-dist/tex/latex/listings/lstmisc.sty
File: lstmisc.sty 2020/03/24 1.8d (Carsten Heinz)
\c@lstnumber=\count296
\lst@skipnumbers=\count297
\lst@framebox=\box56
) (/usr/share/texlive/texmf-dist/tex/latex/listings/listings.cfg
File: listings.cfg 2020/03/24 1.8d listings configuration
))
Package: listings 2020/03/24 1.8d (Carsten Heinz)
 (/usr/share/texlive/texmf-dist/tex/latex/multirow/multirow.sty
Package: multirow 2021/03/15 v2.8 Span multiple rows of a table
\multirow@colwidth=\skip53
\multirow@cntb=\count298
\multirow@dima=\skip54
\bigstrutjot=\dimen175
) (/usr/share/texlive/texmf-dist/tex/latex/l3backend/l3backend-pdftex.def
File: l3backend-pdftex.def 2022-01-12 L3 backend support: PDF output (pdfTeX)
\l__color_backend_stack_int=\count299
\l__pdf_internal_box=\box57
) (./main.aux)
\openout1 = `main.aux'.

LaTeX Font Info:    Checking defaults for OML/cmm/m/it on input line 24.
LaTeX Font Info:    ... okay on input line 24.
LaTeX Font Info:    Checking defaults for OMS/cmsy/m/n on input line 24.
LaTeX Font Info:    ... okay on input line 24.
LaTeX Font Info:    Checking defaults for OT1/cmr/m/n on input line 24.
LaTeX Font Info:    ... okay on input line 24.
LaTeX Font Info:    Checking defaults for T1/cmr/m/n on input line 24.
LaTeX Font Info:    ... okay on input line 24.
LaTeX Font Info:    Checking defaults for TS1/cmr/m/n on input line 24.
LaTeX Font Info:    ... okay on input line 24.
LaTeX Font Info:    Checking defaults for OMX/cmex/m/n on input line 24.
LaTeX Font Info:    ... okay on input line 24.
LaTeX Font Info:    Checking defaults for U/cmr/m/n on input line 24.
LaTeX Font Info:    ... okay on input line 24.
LaTeX Font Info:    Checking defaults for PD1/pdf/m/n on input line 24.
LaTeX Font Info:    ... okay on input line 24.
LaTeX Font Info:    Checking defaults for PU/pdf/m/n on input line 24.
LaTeX Font Info:    ... okay on input line 24.

*geometry* driver: auto-detecting
*geometry* detected driver: pdftex
*geometry* verbose mode - [ preamble ] result:
* driver: pdftex
* paper: <default>
* layout: <same size as paper>
* layoutoffset:(h,v)=(0.0pt,0.0pt)
* modes: 
* h-part:(L,W,R)=(85.35826pt, 443.57848pt, 85.35826pt)
* v-part:(T,H,B)=(85.35826pt, 624.25346pt, 85.35826pt)
* \paperwidth=614.295pt
* \paperheight=794.96999pt
* \textwidth=443.57848pt
* \textheight=624.25346pt
* \oddsidemargin=13.08827pt
* \evensidemargin=13.08827pt
* \topmargin=-23.91173pt
* \headheight=12.0pt
* \headsep=25.0pt
* \topskip=10.0pt
* \footskip=30.0pt
* \marginparwidth=65.0pt
* \marginparsep=11.0pt
* \columnsep=10.0pt
* \skip\footins=9.0pt plus 4.0pt minus 2.0pt
* \hoffset=0.0pt
* \voffset=0.0pt
* \mag=1000
* \@twocolumnfalse
* \@twosidefalse
* \@mparswitchfalse
* \@reversemarginfalse
* (1in=72.27pt=25.4mm, 1cm=28.453pt)

(/usr/share/texlive/texmf-dist/tex/context/base/mkii/supp-pdf.mkii
[Loading MPS to PDF converter (version 2006.09.02).]
\scratchcounter=\count300
\scratchdimen=\dimen176
\scratchbox=\box58
\nofMPsegments=\count301
\nofMParguments=\count302
\everyMPshowfont=\toks29
\MPscratchCnt=\count303
\MPscratchDim=\dimen177
\MPnumerator=\count304
\makeMPintoPDFobject=\count305
\everyMPtoPDFconversion=\toks30
) (/usr/share/texlive/texmf-dist/tex/latex/epstopdf-pkg/epstopdf-base.sty
Package: epstopdf-base 2020-01-24 v2.11 Base part for package epstopdf
Package epstopdf-base Info: Redefining graphics rule for `.eps' on input line 485.
 (/usr/share/texlive/texmf-dist/tex/latex/latexconfig/epstopdf-sys.cfg
File: epstopdf-sys.cfg 2010/07/13 v1.3 Configuration of (r)epstopdf for TeX Live
))
Package hyperref Info: Link coloring OFF on input line 24.
 (/usr/share/texlive/texmf-dist/tex/latex/hyperref/nameref.sty
Package: nameref 2021-04-02 v2.47 Cross-referencing by name of section
 (/usr/share/texlive/texmf-dist/tex/latex/refcount/refcount.sty
Package: refcount 2019/12/15 v3.6 Data extraction from label references (HO)
) (/usr/share/texlive/texmf-dist/tex/generic/gettitlestring/gettitlestring.sty
Package: gettitlestring 2019/12/15 v1.6 Cleanup title references (HO)
)
\c@section@level=\count306
)
LaTeX Info: Redefining \ref on input line 24.
LaTeX Info: Redefining \pageref on input line 24.
LaTeX Info: Redefining \nameref on input line 24.
 (./main.out) (./main.out)
\@outlinefile=\write3
\openout3 = `main.out'.

Package caption Info: Begin \AtBeginDocument code.
Package caption Info: listings package is loaded.
Package caption Info: End \AtBeginDocument code.
\c@lstlisting=\count307
 [1

{/var/lib/texmf/fonts/map/pdftex/updmap/pdftex.map}] [2]
<images//task1/material_CSI.png, id=66, 603.75563pt x 283.0575pt>
File: images//task1/material_CSI.png Graphic file (type png)
<use images//task1/material_CSI.png>
Package pdftex.def Info: images//task1/material_CSI.png  used on input line 81.
(pdftex.def)             Requested size: 443.57848pt x 207.96053pt.
<images//task1/material_BGO.png, id=68, 629.90889pt x 207.88777pt>
File: images//task1/material_BGO.png Graphic file (type png)
<use images//task1/material_BGO.png>
Package pdftex.def Info: images//task1/material_BGO.png  used on input line 87.
(pdftex.def)             Requested size: 443.57848pt x 146.39276pt.
<images//task1/material_LYSO.png, id=69, 645.96889pt x 194.50444pt>
File: images//task1/material_LYSO.png Graphic file (type png)
<use images//task1/material_LYSO.png>
Package pdftex.def Info: images//task1/material_LYSO.png  used on input line 93.
(pdftex.def)             Requested size: 443.57848pt x 133.56712pt.
<images//task1/pannel_dimensions.png, id=70, 647.28783pt x 279.65347pt>
File: images//task1/pannel_dimensions.png Graphic file (type png)
<use images//task1/pannel_dimensions.png>
Package pdftex.def Info: images//task1/pannel_dimensions.png  used on input line 99.
(pdftex.def)             Requested size: 443.57848pt x 191.64253pt.
 [3 <./images//task1/material_CSI.png> <./images//task1/material_BGO.png>]
<images/task1/CsI_01MeV.png, id=79, 569.12625pt x 290.0436pt>
File: images/task1/CsI_01MeV.png Graphic file (type png)
<use images/task1/CsI_01MeV.png>
Package pdftex.def Info: images/task1/CsI_01MeV.png  used on input line 109.
(pdftex.def)             Requested size: 221.78923pt x 113.03246pt.
<images/task1/CsI_01MeV_1000.png, id=80, 1038.88126pt x 608.2725pt>
File: images/task1/CsI_01MeV_1000.png Graphic file (type png)
<use images/task1/CsI_01MeV_1000.png>
Package pdftex.def Info: images/task1/CsI_01MeV_1000.png  used on input line 114.
(pdftex.def)             Requested size: 221.78923pt x 129.85716pt.
<images/task1/CsI_05MeV.png, id=81, 569.12625pt x 290.0436pt>
File: images/task1/CsI_05MeV.png Graphic file (type png)
<use images/task1/CsI_05MeV.png>
Package pdftex.def Info: images/task1/CsI_05MeV.png  used on input line 124.
(pdftex.def)             Requested size: 221.78923pt x 113.03246pt.
<images/task1/CsI_05MeV_1000.png, id=82, 928.46875pt x 600.2425pt>
File: images/task1/CsI_05MeV_1000.png Graphic file (type png)
<use images/task1/CsI_05MeV_1000.png>
Package pdftex.def Info: images/task1/CsI_05MeV_1000.png  used on input line 129.
(pdftex.def)             Requested size: 221.78923pt x 143.38338pt.
 [4 <./images//task1/material_LYSO.png> <./images//task1/pannel_dimensions.png> <./images/task1/CsI_01MeV.png> <./images/task1/CsI_01MeV_1000.png>]
<images/task1/CsI_1MeV.png, id=96, 569.12625pt x 290.0436pt>
File: images/task1/CsI_1MeV.png Graphic file (type png)
<use images/task1/CsI_1MeV.png>
Package pdftex.def Info: images/task1/CsI_1MeV.png  used on input line 139.
(pdftex.def)             Requested size: 221.78923pt x 113.03246pt.
<images/task1/CsI_1MeV_10000.png, id=97, 854.19125pt x 602.25pt>
File: images/task1/CsI_1MeV_10000.png Graphic file (type png)
<use images/task1/CsI_1MeV_10000.png>
Package pdftex.def Info: images/task1/CsI_1MeV_10000.png  used on input line 144.
(pdftex.def)             Requested size: 221.78923pt x 156.36993pt.
<images/task1/CsI_3MeV.png, id=98, 569.12625pt x 290.0436pt>
File: images/task1/CsI_3MeV.png Graphic file (type png)
<use images/task1/CsI_3MeV.png>
Package pdftex.def Info: images/task1/CsI_3MeV.png  used on input line 154.
(pdftex.def)             Requested size: 221.78923pt x 113.03246pt.
<images/task1/CsI_3MeV_10000.png, id=99, 858.20625pt x 602.25pt>
File: images/task1/CsI_3MeV_10000.png Graphic file (type png)
<use images/task1/CsI_3MeV_10000.png>
Package pdftex.def Info: images/task1/CsI_3MeV_10000.png  used on input line 159.
(pdftex.def)             Requested size: 221.78923pt x 155.63477pt.
<images/task1/CsI_5MeV.png, id=100, 569.12625pt x 290.0436pt>
File: images/task1/CsI_5MeV.png Graphic file (type png)
<use images/task1/CsI_5MeV.png>
Package pdftex.def Info: images/task1/CsI_5MeV.png  used on input line 169.
(pdftex.def)             Requested size: 221.78923pt x 113.03246pt.
<images/task1/CsI_5MeV_10000.png, id=101, 877.2775pt x 602.25pt>
File: images/task1/CsI_5MeV_10000.png Graphic file (type png)
<use images/task1/CsI_5MeV_10000.png>
Package pdftex.def Info: images/task1/CsI_5MeV_10000.png  used on input line 174.
(pdftex.def)             Requested size: 221.78923pt x 152.253pt.
 [5 <./images/task1/CsI_05MeV.png> <./images/task1/CsI_05MeV_1000.png> <./images/task1/CsI_1MeV.png> <./images/task1/CsI_1MeV_10000.png> <./images/task1/CsI_3MeV.png> <./images/task1/CsI_3MeV_10000.png>]
<images/task1/CsI_10MeV.png, id=115, 569.12625pt x 290.0436pt>
File: images/task1/CsI_10MeV.png Graphic file (type png)
<use images/task1/CsI_10MeV.png>
Package pdftex.def Info: images/task1/CsI_10MeV.png  used on input line 184.
(pdftex.def)             Requested size: 221.78923pt x 113.03246pt.
<images/task1/CsI_10MeV_10000.png, id=116, 904.37875pt x 601.24625pt>
File: images/task1/CsI_10MeV_10000.png Graphic file (type png)
<use images/task1/CsI_10MeV_10000.png>
Package pdftex.def Info: images/task1/CsI_10MeV_10000.png  used on input line 189.
(pdftex.def)             Requested size: 221.78923pt x 147.4488pt.
<images/task1/BGO_01MeV.png, id=117, 569.12625pt x 290.0436pt>
File: images/task1/BGO_01MeV.png Graphic file (type png)
<use images/task1/BGO_01MeV.png>
Package pdftex.def Info: images/task1/BGO_01MeV.png  used on input line 201.
(pdftex.def)             Requested size: 221.78923pt x 113.03246pt.
<images/task1/BGO_01MeV_10000.png, id=118, 832.10875pt x 605.26125pt>
File: images/task1/BGO_01MeV_10000.png Graphic file (type png)
<use images/task1/BGO_01MeV_10000.png>
Package pdftex.def Info: images/task1/BGO_01MeV_10000.png  used on input line 206.
(pdftex.def)             Requested size: 221.78923pt x 161.32625pt.
 [6 <./images/task1/CsI_5MeV.png> <./images/task1/CsI_5MeV_10000.png> <./images/task1/CsI_10MeV.png> <./images/task1/CsI_10MeV_10000.png>]
<images/task1/BGO_05MeV.png, id=129, 569.12625pt x 290.0436pt>
File: images/task1/BGO_05MeV.png Graphic file (type png)
<use images/task1/BGO_05MeV.png>
Package pdftex.def Info: images/task1/BGO_05MeV.png  used on input line 216.
(pdftex.def)             Requested size: 221.78923pt x 113.03246pt.
<images/task1/BGO_05MeV_10000.png, id=130, 725.71124pt x 600.2425pt>
File: images/task1/BGO_05MeV_10000.png Graphic file (type png)
<use images/task1/BGO_05MeV_10000.png>
Package pdftex.def Info: images/task1/BGO_05MeV_10000.png  used on input line 221.
(pdftex.def)             Requested size: 221.78923pt x 183.44463pt.
<images/task1/BGO_1MeV.png, id=131, 569.12625pt x 290.0436pt>
File: images/task1/BGO_1MeV.png Graphic file (type png)
<use images/task1/BGO_1MeV.png>
Package pdftex.def Info: images/task1/BGO_1MeV.png  used on input line 231.
(pdftex.def)             Requested size: 221.78923pt x 113.03246pt.
<images/task1/BGO_1MeV_10000.png, id=132, 752.8125pt x 594.22pt>
File: images/task1/BGO_1MeV_10000.png Graphic file (type png)
<use images/task1/BGO_1MeV_10000.png>
Package pdftex.def Info: images/task1/BGO_1MeV_10000.png  used on input line 236.
(pdftex.def)             Requested size: 221.78923pt x 175.0667pt.
 [7 <./images/task1/BGO_01MeV.png> <./images/task1/BGO_01MeV_10000.png> <./images/task1/BGO_05MeV.png> <./images/task1/BGO_05MeV_10000.png>]
<images/task1/BGO_3MeV.png, id=144, 569.12625pt x 290.0436pt>
File: images/task1/BGO_3MeV.png Graphic file (type png)
<use images/task1/BGO_3MeV.png>
Package pdftex.def Info: images/task1/BGO_3MeV.png  used on input line 246.
(pdftex.def)             Requested size: 221.78923pt x 113.03246pt.
<images/task1/BGO_3MeV_10000.png, id=145, 789.95125pt x 598.235pt>
File: images/task1/BGO_3MeV_10000.png Graphic file (type png)
<use images/task1/BGO_3MeV_10000.png>
Package pdftex.def Info: images/task1/BGO_3MeV_10000.png  used on input line 251.
(pdftex.def)             Requested size: 221.78923pt x 167.96107pt.
<images/task1/BGO_5MeV.png, id=146, 569.12625pt x 290.0436pt>
File: images/task1/BGO_5MeV.png Graphic file (type png)
<use images/task1/BGO_5MeV.png>
Package pdftex.def Info: images/task1/BGO_5MeV.png  used on input line 261.
(pdftex.def)             Requested size: 221.78923pt x 113.03246pt.
<images/task1/BGO_5MeV_10000.png, id=147, 899.36pt x 605.26125pt>
File: images/task1/BGO_5MeV_10000.png Graphic file (type png)
<use images/task1/BGO_5MeV_10000.png>
Package pdftex.def Info: images/task1/BGO_5MeV_10000.png  used on input line 266.
(pdftex.def)             Requested size: 221.78923pt x 149.2554pt.
 [8 <./images/task1/BGO_1MeV.png> <./images/task1/BGO_1MeV_10000.png> <./images/task1/BGO_3MeV.png> <./images/task1/BGO_3MeV_10000.png>]
<images/task1/BGO_10MeV.png, id=158, 569.12625pt x 290.0436pt>
File: images/task1/BGO_10MeV.png Graphic file (type png)
<use images/task1/BGO_10MeV.png>
Package pdftex.def Info: images/task1/BGO_10MeV.png  used on input line 276.
(pdftex.def)             Requested size: 221.78923pt x 113.03246pt.
<images/task1/BGO_10MeV_10000.png, id=159, 902.37125pt x 585.18625pt>
File: images/task1/BGO_10MeV_10000.png Graphic file (type png)
<use images/task1/BGO_10MeV_10000.png>
Package pdftex.def Info: images/task1/BGO_10MeV_10000.png  used on input line 281.
(pdftex.def)             Requested size: 221.78923pt x 143.8228pt.
<images/task1/LYSO_01MeV.png, id=160, 569.12625pt x 290.0436pt>
File: images/task1/LYSO_01MeV.png Graphic file (type png)
<use images/task1/LYSO_01MeV.png>
Package pdftex.def Info: images/task1/LYSO_01MeV.png  used on input line 292.
(pdftex.def)             Requested size: 221.78923pt x 113.03246pt.
<images/task1/LYSO_05MeV.png, id=161, 569.12625pt x 290.0436pt>
File: images/task1/LYSO_05MeV.png Graphic file (type png)
<use images/task1/LYSO_05MeV.png>
Package pdftex.def Info: images/task1/LYSO_05MeV.png  used on input line 296.
(pdftex.def)             Requested size: 221.78923pt x 113.03246pt.

Overfull \hbox (2.2222pt too wide) in paragraph at lines 291--299
[]$[]$|  $[]$ 
 []

<images/task1/LYSO_1MeV.png, id=162, 569.12625pt x 290.0436pt>
File: images/task1/LYSO_1MeV.png Graphic file (type png)
<use images/task1/LYSO_1MeV.png>
Package pdftex.def Info: images/task1/LYSO_1MeV.png  used on input line 302.
(pdftex.def)             Requested size: 212.91577pt x 108.50938pt.
<images/task1/LYSO_3MeV.png, id=163, 569.12625pt x 290.0436pt>
File: images/task1/LYSO_3MeV.png Graphic file (type png)
<use images/task1/LYSO_3MeV.png>
Package pdftex.def Info: images/task1/LYSO_3MeV.png  used on input line 306.
(pdftex.def)             Requested size: 212.91577pt x 108.50938pt.
<images/task1/LYSO_5MeV.png, id=164, 569.12625pt x 290.0436pt>
File: images/task1/LYSO_5MeV.png Graphic file (type png)
<use images/task1/LYSO_5MeV.png>
Package pdftex.def Info: images/task1/LYSO_5MeV.png  used on input line 312.
(pdftex.def)             Requested size: 212.91577pt x 108.50938pt.
<images/task1/LYSO_10MeV.png, id=165, 569.12625pt x 290.0436pt>
File: images/task1/LYSO_10MeV.png Graphic file (type png)
<use images/task1/LYSO_10MeV.png>
Package pdftex.def Info: images/task1/LYSO_10MeV.png  used on input line 316.
(pdftex.def)             Requested size: 212.91577pt x 108.50938pt.
[9 <./images/task1/BGO_5MeV.png> <./images/task1/BGO_5MeV_10000.png> <./images/task1/BGO_10MeV.png> <./images/task1/BGO_10MeV_10000.png>]
<images/task2/dep_energy_en_CsI_particle.png, id=177, 1387.584pt x 703.9098pt>
File: images/task2/dep_energy_en_CsI_particle.png Graphic file (type png)
<use images/task2/dep_energy_en_CsI_particle.png>
Package pdftex.def Info: images/task2/dep_energy_en_CsI_particle.png  used on input line 408.
(pdftex.def)             Requested size: 443.57848pt x 225.01944pt.
 [10 <./images/task1/LYSO_01MeV.png> <./images/task1/LYSO_05MeV.png> <./images/task1/LYSO_1MeV.png> <./images/task1/LYSO_3MeV.png> <./images/task1/LYSO_5MeV.png> <./images/task1/LYSO_10MeV.png>]
<images/task2/dep_energy_thickness_CsI_particle.png, id=189, 1387.584pt x 703.9098pt>
File: images/task2/dep_energy_thickness_CsI_particle.png Graphic file (type png)
<use images/task2/dep_energy_thickness_CsI_particle.png>
Package pdftex.def Info: images/task2/dep_energy_thickness_CsI_particle.png  used on input line 415.
(pdftex.def)             Requested size: 443.57848pt x 225.01944pt.
<images/task2/dep_energy_en_LYSO_particle.png, id=190, 1387.584pt x 703.9098pt>
File: images/task2/dep_energy_en_LYSO_particle.png Graphic file (type png)
<use images/task2/dep_energy_en_LYSO_particle.png>
Package pdftex.def Info: images/task2/dep_energy_en_LYSO_particle.png  used on input line 421.
(pdftex.def)             Requested size: 443.57848pt x 225.01944pt.
 [11 <./images/task2/dep_energy_en_CsI_particle.png> <./images/task2/dep_energy_thickness_CsI_particle.png>]
<images/task2/dep_energy_thickness_LYSO_particle.png, id=199, 1387.584pt x 703.9098pt>
File: images/task2/dep_energy_thickness_LYSO_particle.png Graphic file (type png)
<use images/task2/dep_energy_thickness_LYSO_particle.png>
Package pdftex.def Info: images/task2/dep_energy_thickness_LYSO_particle.png  used on input line 427.
(pdftex.def)             Requested size: 443.57848pt x 225.01944pt.
 [12 <./images/task2/dep_energy_en_LYSO_particle.png> <./images/task2/dep_energy_thickness_LYSO_particle.png>]
Overfull \hbox (38.13205pt too wide) in paragraph at lines 479--501
 [][] 
 []


Overfull \hbox (37.02087pt too wide) in paragraph at lines 506--528
 [][] 
 []

[13] [14]
Overfull \hbox (43.13206pt too wide) in paragraph at lines 535--557
 [][] 
 []

[15]
<images/task3/dep_en_BGO.png, id=227, 462.528pt x 346.896pt>
File: images/task3/dep_en_BGO.png Graphic file (type png)
<use images/task3/dep_en_BGO.png>
Package pdftex.def Info: images/task3/dep_en_BGO.png  used on input line 566.
(pdftex.def)             Requested size: 221.78923pt x 166.34409pt.
<images/task3/dep_en_width_BGO.png, id=228, 462.528pt x 346.896pt>
File: images/task3/dep_en_width_BGO.png Graphic file (type png)
<use images/task3/dep_en_width_BGO.png>
Package pdftex.def Info: images/task3/dep_en_width_BGO.png  used on input line 571.
(pdftex.def)             Requested size: 221.78923pt x 166.34409pt.
<images/task3/dep_en_CsI.png, id=229, 462.528pt x 346.896pt>
File: images/task3/dep_en_CsI.png Graphic file (type png)
<use images/task3/dep_en_CsI.png>
Package pdftex.def Info: images/task3/dep_en_CsI.png  used on input line 581.
(pdftex.def)             Requested size: 221.78923pt x 166.34409pt.
<images/task3/dep_en_width_CsI.png, id=230, 462.528pt x 346.896pt>
File: images/task3/dep_en_width_CsI.png Graphic file (type png)
<use images/task3/dep_en_width_CsI.png>
Package pdftex.def Info: images/task3/dep_en_width_CsI.png  used on input line 586.
(pdftex.def)             Requested size: 221.78923pt x 166.34409pt.
<images/task3/dep_en_LYSO.png, id=231, 462.528pt x 346.896pt>
File: images/task3/dep_en_LYSO.png Graphic file (type png)
<use images/task3/dep_en_LYSO.png>
Package pdftex.def Info: images/task3/dep_en_LYSO.png  used on input line 596.
(pdftex.def)             Requested size: 221.78923pt x 166.34409pt.
<images/task3/dep_en_width_LYSO.png, id=232, 462.528pt x 346.896pt>
File: images/task3/dep_en_width_LYSO.png Graphic file (type png)
<use images/task3/dep_en_width_LYSO.png>
Package pdftex.def Info: images/task3/dep_en_width_LYSO.png  used on input line 601.
(pdftex.def)             Requested size: 221.78923pt x 166.34409pt.
 [16 <./images/task3/dep_en_BGO.png> <./images/task3/dep_en_width_BGO.png> <./images/task3/dep_en_CsI.png> <./images/task3/dep_en_width_CsI.png>]
<images/task3/scintills_energy_BGO.png, id=243, 462.528pt x 346.896pt>
File: images/task3/scintills_energy_BGO.png Graphic file (type png)
<use images/task3/scintills_energy_BGO.png>
Package pdftex.def Info: images/task3/scintills_energy_BGO.png  used on input line 611.
(pdftex.def)             Requested size: 221.78923pt x 166.34409pt.
<images/task3/scintills_width_BGO_part.png, id=244, 462.528pt x 346.896pt>
File: images/task3/scintills_width_BGO_part.png Graphic file (type png)
<use images/task3/scintills_width_BGO_part.png>
Package pdftex.def Info: images/task3/scintills_width_BGO_part.png  used on input line 616.
(pdftex.def)             Requested size: 221.78923pt x 166.34409pt.
<images/task3/scintills_energy_CsI.png, id=245, 462.528pt x 346.896pt>
File: images/task3/scintills_energy_CsI.png Graphic file (type png)
<use images/task3/scintills_energy_CsI.png>
Package pdftex.def Info: images/task3/scintills_energy_CsI.png  used on input line 626.
(pdftex.def)             Requested size: 221.78923pt x 166.34409pt.
<images/task3/scintills_width_CsI_part.png, id=246, 462.528pt x 346.896pt>
File: images/task3/scintills_width_CsI_part.png Graphic file (type png)
<use images/task3/scintills_width_CsI_part.png>
Package pdftex.def Info: images/task3/scintills_width_CsI_part.png  used on input line 631.
(pdftex.def)             Requested size: 221.78923pt x 166.34409pt.
 [17 <./images/task3/dep_en_LYSO.png> <./images/task3/dep_en_width_LYSO.png> <./images/task3/scintills_energy_BGO.png> <./images/task3/scintills_width_BGO_part.png>]
<images/task3/scintills_energy_LYSO.png, id=257, 462.528pt x 346.896pt>
File: images/task3/scintills_energy_LYSO.png Graphic file (type png)
<use images/task3/scintills_energy_LYSO.png>
Package pdftex.def Info: images/task3/scintills_energy_LYSO.png  used on input line 641.
(pdftex.def)             Requested size: 221.78923pt x 166.34409pt.
<images/task3/scintills_width_LYSO_part.png, id=258, 462.528pt x 346.896pt>
File: images/task3/scintills_width_LYSO_part.png Graphic file (type png)
<use images/task3/scintills_width_LYSO_part.png>
Package pdftex.def Info: images/task3/scintills_width_LYSO_part.png  used on input line 646.
(pdftex.def)             Requested size: 221.78923pt x 166.34409pt.
<images/task3/deposited_energy_all.pdf, id=259, 578.16pt x 346.896pt>
File: images/task3/deposited_energy_all.pdf Graphic file (type pdf)
<use images/task3/deposited_energy_all.pdf>
Package pdftex.def Info: images/task3/deposited_energy_all.pdf  used on input line 654.
(pdftex.def)             Requested size: 443.57848pt x 266.14737pt.
 [18 <./images/task3/scintills_energy_CsI.png> <./images/task3/scintills_width_CsI_part.png> <./images/task3/scintills_energy_LYSO.png> <./images/task3/scintills_width_LYSO_part.png>]
<images/task3/optical_yield_all.pdf, id=270, 616.4631pt x 346.896pt>
File: images/task3/optical_yield_all.pdf Graphic file (type pdf)
<use images/task3/optical_yield_all.pdf>
Package pdftex.def Info: images/task3/optical_yield_all.pdf  used on input line 662.
(pdftex.def)             Requested size: 443.57848pt x 249.61671pt.
 [19 <./images/task3/deposited_energy_all.pdf> <./images/task3/optical_yield_all.pdf>]
<images/task4/surface_CsI_10_2.png, id=280, 2144.01pt x 1111.15125pt>
File: images/task4/surface_CsI_10_2.png Graphic file (type png)
<use images/task4/surface_CsI_10_2.png>
Package pdftex.def Info: images/task4/surface_CsI_10_2.png  used on input line 676.
(pdftex.def)             Requested size: 443.57848pt x 229.87291pt.
<images/task4/logsurface_CsI_10_2.png, id=281, 2144.01pt x 1111.15125pt>
File: images/task4/logsurface_CsI_10_2.png Graphic file (type png)
<use images/task4/logsurface_CsI_10_2.png>
Package pdftex.def Info: images/task4/logsurface_CsI_10_2.png  used on input line 682.
(pdftex.def)             Requested size: 443.57848pt x 229.87291pt.
 [20 <./images/task4/surface_CsI_10_2.png> <./images/task4/logsurface_CsI_10_2.png>]
<images/task4/BGO_2mm.pdf, id=290, 462.52798pt x 346.89601pt>
File: images/task4/BGO_2mm.pdf Graphic file (type pdf)
<use images/task4/BGO_2mm.pdf>
Package pdftex.def Info: images/task4/BGO_2mm.pdf  used on input line 701.
(pdftex.def)             Requested size: 443.57848pt x 332.69879pt.
<images/task4/LYSO_2mm.pdf, id=291, 462.52798pt x 346.89601pt>
File: images/task4/LYSO_2mm.pdf Graphic file (type pdf)
<use images/task4/LYSO_2mm.pdf>
Package pdftex.def Info: images/task4/LYSO_2mm.pdf  used on input line 707.
(pdftex.def)             Requested size: 443.57848pt x 332.69879pt.
<images/task4/CsI_2mm.pdf, id=292, 462.52798pt x 346.89601pt>
File: images/task4/CsI_2mm.pdf Graphic file (type pdf)
<use images/task4/CsI_2mm.pdf>
Package pdftex.def Info: images/task4/CsI_2mm.pdf  used on input line 713.
(pdftex.def)             Requested size: 443.57848pt x 332.69879pt.
 [21 <./images/task4/BGO_2mm.pdf>] [22 <./images/task4/LYSO_2mm.pdf>]
<images/task4/FWHM_all.pdf, id=368, 462.52798pt x 346.89601pt>
File: images/task4/FWHM_all.pdf Graphic file (type pdf)
<use images/task4/FWHM_all.pdf>
Package pdftex.def Info: images/task4/FWHM_all.pdf  used on input line 721.
(pdftex.def)             Requested size: 443.57848pt x 332.69879pt.
 [23 <./images/task4/CsI_2mm.pdf>]
<images/task4/FWTM_all.pdf, id=404, 462.52798pt x 346.89601pt>
File: images/task4/FWTM_all.pdf Graphic file (type pdf)
<use images/task4/FWTM_all.pdf>
Package pdftex.def Info: images/task4/FWTM_all.pdf  used on input line 728.
(pdftex.def)             Requested size: 443.57848pt x 332.69879pt.
 [24 <./images/task4/FWHM_all.pdf>] [25 <./images/task4/FWTM_all.pdf>] (./main.aux)
Package rerunfilecheck Info: File `main.out' has not changed.
(rerunfilecheck)             Checksum: 4A04B6F6161ACCA10F9ACF44F4AC91D2;2100.
 ) 
Here is how much of TeX's memory you used:
 12695 strings out of 480171
 210103 string characters out of 5894489
 521495 words of memory out of 5000000
 30367 multiletter control sequences out of 15000+600000
 475444 words of font info for 50 fonts, out of 8000000 for 9000
 59 hyphenation exceptions out of 8191
 67i,10n,77p,670b,498s stack positions out of 5000i,500n,10000p,200000b,80000s
 </home/diagpc/.texlive2021/texmf-var/fonts/pk/ljfour/jknappen/ec/tcrm1000.600pk></usr/share/texlive/texmf-dist/fonts/type1/public/amsfonts/cm/cmbx10.pfb></usr/share/texlive/texmf-dist/fonts/type1/public/amsfonts/cm/cmbx12.pfb></usr/share/texlive/texmf-dist/fonts/type1/public/amsfonts/cm/cmex10.pfb></usr/share/texlive/texmf-dist/fonts/type1/public/amsfonts/cm/cmmi10.pfb></usr/share/texlive/texmf-dist/fonts/type1/public/amsfonts/cm/cmmi7.pfb></usr/share/texlive/texmf-dist/fonts/type1/public/amsfonts/cm/cmr10.pfb></usr/share/texlive/texmf-dist/fonts/type1/public/amsfonts/cm/cmr12.pfb></usr/share/texlive/texmf-dist/fonts/type1/public/amsfonts/cm/cmr17.pfb></usr/share/texlive/texmf-dist/fonts/type1/public/amsfonts/cm/cmr5.pfb></usr/share/texlive/texmf-dist/fonts/type1/public/amsfonts/cm/cmr7.pfb></usr/share/texlive/texmf-dist/fonts/type1/public/amsfonts/cm/cmr9.pfb></usr/share/texlive/texmf-dist/fonts/type1/public/amsfonts/cm/cmsy10.pfb></usr/share/texlive/texmf-dist/fonts/type1/public/amsfonts/cm/cmsy7.pfb></usr/share/texlive/texmf-dist/fonts/type1/public/amsfonts/cm/cmtt10.pfb>
Output written on main.pdf (25 pages, 3817098 bytes).
PDF statistics:
 607 PDF objects out of 1000 (max. 8388607)
 258 compressed objects within 3 object streams
 79 named destinations out of 1000 (max. 500000)
 368 words of extra memory for PDF output out of 10000 (max. 10000000)

